{"logTime": "0528/010353", "correlationVector":"Q/Z2dL64K1Q850yocGihbK.1","action":"SyncServerConnectionManagerRequest", "result":"SYNC_SERVER_OK", "context":{"environment":"Prod_SoutheastAsia_000j", "migrationStage":"NotStarted", "server":"general03000033"}}
{"logTime": "0528/010353", "correlationVector":"Q/Z2dL64K1Q850yocGihbK","action":"Initial GetUpdates", "result":"", "context":Reason: NEW_CLIENT. cV=Q/Z2dL64K1Q850yocGihbK}
{"logTime": "0528/010353", "correlationVector":"Q/Z2dL64K1Q850yocGihbK.2","action":"GetUpdates Response", "result":"Success", "context":Received 1 update(s). cV=Q/Z2dL64K1Q850yocGihbK.0;server=general03000033;cloudType=Consumer;environment=Prod_SoutheastAsia_000j;migrationStage=NotStarted}
{"logTime": "0528/010355", "correlationVector":"07GUYW/fyrzrqv3fe1vFoR","action":"SyncServerConnectionManagerRequest", "result":"SYNC_SERVER_OK", "context":{"environment":"", "migrationStage":"", "server":""}}
{"logTime": "0528/010355", "correlationVector":"fSjQGThRBZqD2y878YpScD","action":"Initial GetUpdates", "result":"", "context":Reason: NEW_CLIENT. cV=fSjQGThRBZqD2y878YpScD}
{"logTime": "0528/010355", "correlationVector":"fSjQGThRBZqD2y878YpScD.1","action":"SyncServerConnectionManagerRequest", "result":"SYNC_SERVER_OK", "context":{"environment":"Prod_SoutheastAsia_000j", "migrationStage":"NotStarted", "server":"GENERAL01000015"}}
{"logTime": "0528/010355", "correlationVector":"fSjQGThRBZqD2y878YpScD.2","action":"GetUpdates Response", "result":"Success", "context":Received 9 update(s). cV=fSjQGThRBZqD2y878YpScD.0;server=GENERAL01000015;cloudType=Consumer;environment=Prod_SoutheastAsia_000j;migrationStage=NotStarted}
{"logTime": "0528/010355", "correlationVector":"0LK9dA+SpGQjxQFf1wElYv","action":"Normal GetUpdate request", "result":"", "context":cV=0LK9dA+SpGQjxQFf1wElYv
Nudged types: Device Info, User Consents
Refresh requested types: Device Info, User Consents, Send Tab To Self, Encryption Keys}
{"logTime": "0528/010355", "correlationVector":"0LK9dA+SpGQjxQFf1wElYv.1","action":"SyncServerConnectionManagerRequest", "result":"SYNC_SERVER_OK", "context":{"environment":"Prod_SoutheastAsia_000j", "migrationStage":"NotStarted", "server":"general03000036"}}
{"logTime": "0528/010355", "correlationVector":"0LK9dA+SpGQjxQFf1wElYv.2","action":"GetUpdates Response", "result":"Success", "context":Received 0 update(s). cV=0LK9dA+SpGQjxQFf1wElYv.0;server=general03000036;cloudType=Consumer;environment=Prod_SoutheastAsia_000j;migrationStage=NotStarted}
{"logTime": "0528/010355", "correlationVector":"2S5qGtOGkpe9W2tyWGzH8s","action":"Commit Request", "result":"", "context":Item count: 2
Contributing types: Device Info, User Consents}
{"logTime": "0528/010355", "correlationVector":"2S5qGtOGkpe9W2tyWGzH8s.1","action":"SyncServerConnectionManagerRequest", "result":"SYNC_SERVER_OK", "context":{"environment":"Prod_SoutheastAsia_000j", "migrationStage":"NotStarted", "server":"general01000008"}}
{"logTime": "0528/010355", "correlationVector":"2S5qGtOGkpe9W2tyWGzH8s.2","action":"Commit Response", "result":"Success", "context":Result: Success. cV=2S5qGtOGkpe9W2tyWGzH8s.0;server=general01000008;cloudType=Consumer;environment=Prod_SoutheastAsia_000j;migrationStage=NotStarted}
{"logTime": "0528/010355", "correlationVector":"gbJM6YgldAteAoqA9JQQiB","action":"Normal GetUpdate request", "result":"", "context":cV=gbJM6YgldAteAoqA9JQQiB
Nudged types: Device Info}
{"logTime": "0528/010355", "correlationVector":"gbJM6YgldAteAoqA9JQQiB.1","action":"SyncServerConnectionManagerRequest", "result":"SYNC_SERVER_OK", "context":{"environment":"Prod_SoutheastAsia_000j", "migrationStage":"NotStarted", "server":"GENERAL0300000R"}}
{"logTime": "0528/010355", "correlationVector":"gbJM6YgldAteAoqA9JQQiB.2","action":"GetUpdates Response", "result":"Success", "context":Received 1 update(s). cV=gbJM6YgldAteAoqA9JQQiB.0;server=GENERAL0300000R;cloudType=Consumer;environment=Prod_SoutheastAsia_000j;migrationStage=NotStarted}
{"logTime": "0528/010838", "correlationVector":"4krqk1UwEXJ/opdA0exsZX","action":"Normal GetUpdate request", "result":"", "context":cV=4krqk1UwEXJ/opdA0exsZX
Refresh requested types: Device Info, User Consents, Send Tab To Self, Encryption Keys}
{"logTime": "0528/010839", "correlationVector":"4krqk1UwEXJ/opdA0exsZX.1","action":"SyncServerConnectionManagerRequest", "result":"SYNC_SERVER_OK", "context":{"environment":"Prod_SoutheastAsia_000j", "migrationStage":"NotStarted", "server":"GENERAL0100001J"}}
{"logTime": "0528/010839", "correlationVector":"4krqk1UwEXJ/opdA0exsZX.2","action":"GetUpdates Response", "result":"Success", "context":Received 0 update(s). cV=4krqk1UwEXJ/opdA0exsZX.0;server=GENERAL0100001J;cloudType=Consumer;environment=Prod_SoutheastAsia_000j;migrationStage=NotStarted}
{"logTime": "0528/015123", "correlationVector":"XC4ggt8I/EllUSMtkgNuK6.1","action":"SyncServerConnectionManagerRequest", "result":"SYNC_SERVER_OK", "context":{"environment":"Prod_SoutheastAsia_000j", "migrationStage":"NotStarted", "server":"GENERAL0100000R"}}
{"logTime": "0528/015123", "correlationVector":"XC4ggt8I/EllUSMtkgNuK6","action":"Initial GetUpdates", "result":"", "context":Reason: NEW_CLIENT. cV=XC4ggt8I/EllUSMtkgNuK6}
{"logTime": "0528/015123", "correlationVector":"XC4ggt8I/EllUSMtkgNuK6.2","action":"GetUpdates Response", "result":"Success", "context":Received 1 update(s). cV=XC4ggt8I/EllUSMtkgNuK6.0;server=GENERAL0100000R;cloudType=Consumer;environment=Prod_SoutheastAsia_000j;migrationStage=NotStarted}
{"logTime": "0528/015123", "correlationVector":"za1hZPgYgn2OtZnztBvpif","action":"Normal GetUpdate request", "result":"", "context":cV=za1hZPgYgn2OtZnztBvpif
Refresh requested types: Device Info, User Consents, Send Tab To Self, Encryption Keys}
{"logTime": "0528/015123", "correlationVector":"za1hZPgYgn2OtZnztBvpif.1","action":"SyncServerConnectionManagerRequest", "result":"SYNC_SERVER_OK", "context":{"environment":"Prod_SoutheastAsia_000j", "migrationStage":"NotStarted", "server":"general0300003L"}}
{"logTime": "0528/015123", "correlationVector":"za1hZPgYgn2OtZnztBvpif.2","action":"GetUpdates Response", "result":"Success", "context":Received 0 update(s). cV=za1hZPgYgn2OtZnztBvpif.0;server=general0300003L;cloudType=Consumer;environment=Prod_SoutheastAsia_000j;migrationStage=NotStarted}
{"logTime": "0528/015525", "correlationVector":"9oXkCUHQum1RGjY3VeNLGa","action":"SyncServerConnectionManagerRequest", "result":"SYNC_SERVER_ERROR", "context":{"environment":"", "error_type":"http_status_code", "error_value":"400", "migrationStage":"", "server":""}}
{"logTime": "0528/015525", "correlationVector":"Vi1hBhfkFHfqtzgxQklGDM","action":"Normal GetUpdate request", "result":"", "context":cV=Vi1hBhfkFHfqtzgxQklGDM
Refresh requested types: Device Info, User Consents, Send Tab To Self, Encryption Keys}
{"logTime": "0528/015526", "correlationVector":"Vi1hBhfkFHfqtzgxQklGDM.1","action":"SyncServerConnectionManagerRequest", "result":"SYNC_SERVER_OK", "context":{"environment":"Prod_SoutheastAsia_000j", "migrationStage":"NotStarted", "server":"GENERAL0100000F"}}
{"logTime": "0528/015526", "correlationVector":"Vi1hBhfkFHfqtzgxQklGDM.2","action":"GetUpdates Response", "result":"Success", "context":Received 0 update(s). cV=Vi1hBhfkFHfqtzgxQklGDM.0;server=GENERAL0100000F;cloudType=Consumer;environment=Prod_SoutheastAsia_000j;migrationStage=NotStarted}
{"logTime": "0528/020316", "correlationVector":"DC6ixqpFKKALAs1ZPO8Iyg.1","action":"SyncServerConnectionManagerRequest", "result":"SYNC_SERVER_OK", "context":{"environment":"Prod_SoutheastAsia_000j", "migrationStage":"NotStarted", "server":"GENERAL0100000R"}}
{"logTime": "0528/020316", "correlationVector":"DC6ixqpFKKALAs1ZPO8Iyg","action":"Initial GetUpdates", "result":"", "context":Reason: NEW_CLIENT. cV=DC6ixqpFKKALAs1ZPO8Iyg}
{"logTime": "0528/020316", "correlationVector":"DC6ixqpFKKALAs1ZPO8Iyg.2","action":"GetUpdates Response", "result":"Success", "context":Received 1 update(s). cV=DC6ixqpFKKALAs1ZPO8Iyg.0;server=GENERAL0100000R;cloudType=Consumer;environment=Prod_SoutheastAsia_000j;migrationStage=NotStarted}
{"logTime": "0528/020316", "correlationVector":"E9GoKWWDcPoulBrOpiBBSX","action":"Normal GetUpdate request", "result":"", "context":cV=E9GoKWWDcPoulBrOpiBBSX
Refresh requested types: Device Info, User Consents, Send Tab To Self, Encryption Keys}
{"logTime": "0528/020316", "correlationVector":"E9GoKWWDcPoulBrOpiBBSX.1","action":"SyncServerConnectionManagerRequest", "result":"SYNC_SERVER_OK", "context":{"environment":"Prod_SoutheastAsia_000j", "migrationStage":"NotStarted", "server":"GENERAL01000015"}}
{"logTime": "0528/020316", "correlationVector":"E9GoKWWDcPoulBrOpiBBSX.2","action":"GetUpdates Response", "result":"Success", "context":Received 0 update(s). cV=E9GoKWWDcPoulBrOpiBBSX.0;server=GENERAL01000015;cloudType=Consumer;environment=Prod_SoutheastAsia_000j;migrationStage=NotStarted}
{"logTime": "0528/020801", "correlationVector":"ACcQHWae+72RQlyLm1IGMH","action":"SyncServerConnectionManagerRequest", "result":"SYNC_SERVER_ERROR", "context":{"environment":"", "error_type":"http_status_code", "error_value":"400", "migrationStage":"", "server":""}}
{"logTime": "0528/020801", "correlationVector":"LBuHXJqk6YI9A5BdOfJZha","action":"Normal GetUpdate request", "result":"", "context":cV=LBuHXJqk6YI9A5BdOfJZha
Refresh requested types: Device Info, User Consents, Send Tab To Self, Encryption Keys}
{"logTime": "0528/020802", "correlationVector":"LBuHXJqk6YI9A5BdOfJZha.1","action":"SyncServerConnectionManagerRequest", "result":"SYNC_SERVER_OK", "context":{"environment":"Prod_SoutheastAsia_000j", "migrationStage":"NotStarted", "server":"GENERAL0100001I"}}
{"logTime": "0528/020802", "correlationVector":"LBuHXJqk6YI9A5BdOfJZha.2","action":"GetUpdates Response", "result":"Success", "context":Received 0 update(s). cV=LBuHXJqk6YI9A5BdOfJZha.0;server=GENERAL0100001I;cloudType=Consumer;environment=Prod_SoutheastAsia_000j;migrationStage=NotStarted}
